mktextfm t1-formata-regsymb
mktextfm t1-formata-regular
mktextfm t1-formata-bold
mktextfm t1-formata-regular
mktextfm t1-giovannistd-bookitalic
mktextfm t1-formata-condmedium
mktextfm t1-formata-medium
mktextfm t1-formata-medium
mktextfm t1-formata-bold
mktextfm t1-formata-medium
mktextfm t1-formata-regular
mktextfm t1-formata-mediumitalic
mktextfm t1-formata-mediumitalic
mktextfm t1-formata-medium
mktextfm t1-formata-medium
mktextfm t1-formata-medium
mktextfm t1-formata-bold
mktextfm t1-formata-bold
mktextfm t1-formata-medium
mktextfm t1-formata-medium
mktextfm t1-formata-regular
mktextfm t1-formata-italic
mktextfm t1-formata-regular
mktextfm t1-formata-italic
mktextfm t1-formata-italic
mktextfm t1-formata-mediumitalic
mktextfm t1-formata-mediumitalic
mktexpk --mfmode / --bdpi 600 --mag 1+0/600 --dpi 600 pcrr8r
mktextfm t1-formata-regsymb
mktextfm t1-formata-regular
mktextfm t1-formata-bold
mktextfm t1-formata-regular
mktextfm t1-giovannistd-bookitalic
mktextfm t1-formata-condmedium
mktextfm t1-formata-medium
mktextfm t1-formata-medium
mktextfm t1-formata-bold
mktextfm t1-formata-medium
mktextfm t1-formata-regular
mktextfm t1-formata-mediumitalic
mktextfm t1-formata-mediumitalic
mktextfm t1-formata-medium
mktextfm t1-formata-medium
mktextfm t1-formata-medium
mktextfm t1-formata-bold
mktextfm t1-formata-bold
mktextfm t1-formata-medium
mktextfm t1-formata-medium
mktextfm t1-formata-regular
mktextfm t1-formata-italic
mktextfm t1-formata-regular
mktextfm t1-formata-italic
mktextfm t1-formata-italic
mktextfm t1-formata-mediumitalic
mktextfm t1-formata-mediumitalic
mktextfm t1-formata-regsymb
mktextfm t1-formata-regular
mktextfm t1-formata-bold
mktextfm t1-formata-regular
mktextfm t1-giovannistd-bookitalic
mktextfm t1-formata-condmedium
mktextfm t1-formata-medium
mktextfm t1-formata-medium
mktextfm t1-formata-bold
mktextfm t1-formata-medium
mktextfm t1-formata-regular
mktextfm t1-formata-mediumitalic
mktextfm t1-formata-mediumitalic
mktextfm t1-formata-medium
mktextfm t1-formata-medium
mktextfm t1-formata-medium
mktextfm t1-formata-bold
mktextfm t1-formata-bold
mktextfm t1-formata-medium
mktextfm t1-formata-medium
mktextfm t1-formata-regular
mktextfm t1-formata-italic
mktextfm t1-formata-regular
mktextfm t1-formata-italic
mktextfm t1-formata-italic
mktextfm t1-formata-mediumitalic
mktextfm t1-formata-mediumitalic
mktextfm t1-formata-regsymb
mktextfm t1-formata-regular
mktextfm t1-formata-bold
mktextfm t1-formata-regular
mktextfm t1-giovannistd-bookitalic
mktextfm t1-formata-condmedium
mktextfm t1-formata-medium
mktextfm t1-formata-medium
mktextfm t1-formata-bold
mktextfm t1-formata-medium
mktextfm t1-formata-regular
mktextfm t1-formata-mediumitalic
mktextfm t1-formata-mediumitalic
mktextfm t1-formata-medium
mktextfm t1-formata-medium
mktextfm t1-formata-medium
mktextfm t1-formata-bold
mktextfm t1-formata-bold
mktextfm t1-formata-medium
mktextfm t1-formata-medium
mktextfm t1-formata-regular
mktextfm t1-formata-italic
mktextfm t1-formata-regular
mktextfm t1-formata-italic
mktextfm t1-formata-italic
mktextfm t1-formata-mediumitalic
mktextfm t1-formata-mediumitalic
mktextfm t1-formata-regsymb
mktextfm t1-formata-regular
mktextfm t1-formata-bold
mktextfm t1-formata-regular
mktextfm t1-giovannistd-bookitalic
mktextfm t1-formata-condmedium
mktextfm t1-formata-medium
mktextfm t1-formata-medium
mktextfm t1-formata-bold
mktextfm t1-formata-medium
mktextfm t1-formata-regular
mktextfm t1-formata-mediumitalic
mktextfm t1-formata-mediumitalic
mktextfm t1-formata-medium
mktextfm t1-formata-medium
mktextfm t1-formata-medium
mktextfm t1-formata-bold
mktextfm t1-formata-bold
mktextfm t1-formata-medium
mktextfm t1-formata-medium
mktextfm t1-formata-regular
mktextfm t1-formata-italic
mktextfm t1-formata-regular
mktextfm t1-formata-italic
mktextfm t1-formata-italic
mktextfm t1-formata-mediumitalic
mktextfm t1-formata-mediumitalic
mktextfm t1-formata-regsymb
mktextfm t1-formata-regular
mktextfm t1-formata-bold
mktextfm t1-formata-regular
mktextfm t1-giovannistd-bookitalic
mktextfm t1-formata-condmedium
mktextfm t1-formata-medium
mktextfm t1-formata-medium
mktextfm t1-formata-bold
mktextfm t1-formata-medium
mktextfm t1-formata-regular
mktextfm t1-formata-mediumitalic
mktextfm t1-formata-mediumitalic
mktextfm t1-formata-medium
mktextfm t1-formata-medium
mktextfm t1-formata-medium
mktextfm t1-formata-bold
mktextfm t1-formata-bold
mktextfm t1-formata-medium
mktextfm t1-formata-medium
mktextfm t1-formata-regular
mktextfm t1-formata-italic
mktextfm t1-formata-regular
mktextfm t1-formata-italic
mktextfm t1-formata-italic
mktextfm t1-formata-mediumitalic
mktextfm t1-formata-mediumitalic
mktextfm t1-formata-regsymb
mktextfm t1-formata-regular
mktextfm t1-formata-bold
mktextfm t1-formata-regular
mktextfm t1-giovannistd-bookitalic
mktextfm t1-formata-condmedium
mktextfm t1-formata-medium
mktextfm t1-formata-medium
mktextfm t1-formata-bold
mktextfm t1-formata-medium
mktextfm t1-formata-regular
mktextfm t1-formata-mediumitalic
mktextfm t1-formata-mediumitalic
mktextfm t1-formata-medium
mktextfm t1-formata-medium
mktextfm t1-formata-medium
mktextfm t1-formata-bold
mktextfm t1-formata-bold
mktextfm t1-formata-medium
mktextfm t1-formata-medium
mktextfm t1-formata-regular
mktextfm t1-formata-italic
mktextfm t1-formata-regular
mktextfm t1-formata-italic
mktextfm t1-formata-italic
mktextfm t1-formata-mediumitalic
mktextfm t1-formata-mediumitalic
mktextfm t1-formata-regsymb
mktextfm t1-formata-regular
mktextfm t1-formata-bold
mktextfm t1-formata-regular
mktextfm t1-giovannistd-bookitalic
mktextfm t1-formata-condmedium
mktextfm t1-formata-medium
mktextfm t1-formata-medium
mktextfm t1-formata-bold
mktextfm t1-formata-medium
mktextfm t1-formata-regular
mktextfm t1-formata-mediumitalic
mktextfm t1-formata-mediumitalic
mktextfm t1-formata-medium
mktextfm t1-formata-medium
mktextfm t1-formata-medium
mktextfm t1-formata-bold
mktextfm t1-formata-bold
mktextfm t1-formata-medium
mktextfm t1-formata-medium
mktextfm t1-formata-regular
mktextfm t1-formata-italic
mktextfm t1-formata-regular
mktextfm t1-formata-italic
mktextfm t1-formata-italic
mktextfm t1-formata-mediumitalic
mktextfm t1-formata-mediumitalic
mktextfm t1-formata-regsymb
mktextfm t1-formata-regular
mktextfm t1-formata-bold
mktextfm t1-formata-regular
mktextfm t1-giovannistd-bookitalic
mktextfm t1-formata-condmedium
mktextfm t1-formata-medium
mktextfm t1-formata-medium
mktextfm t1-formata-bold
mktextfm t1-formata-medium
mktextfm t1-formata-regular
mktextfm t1-formata-mediumitalic
mktextfm t1-formata-mediumitalic
mktextfm t1-formata-medium
mktextfm t1-formata-medium
mktextfm t1-formata-medium
mktextfm t1-formata-bold
mktextfm t1-formata-bold
mktextfm t1-formata-medium
mktextfm t1-formata-medium
mktextfm t1-formata-regular
mktextfm t1-formata-italic
mktextfm t1-formata-regular
mktextfm t1-formata-italic
mktextfm t1-formata-italic
mktextfm t1-formata-mediumitalic
mktextfm t1-formata-mediumitalic
mktextfm t1-formata-regsymb
mktextfm t1-formata-regular
mktextfm t1-formata-bold
mktextfm t1-formata-regular
mktextfm t1-giovannistd-bookitalic
mktextfm t1-formata-condmedium
mktextfm t1-formata-medium
mktextfm t1-formata-medium
mktextfm t1-formata-bold
mktextfm t1-formata-medium
mktextfm t1-formata-regular
mktextfm t1-formata-mediumitalic
mktextfm t1-formata-mediumitalic
mktextfm t1-formata-medium
mktextfm t1-formata-medium
mktextfm t1-formata-medium
mktextfm t1-formata-bold
mktextfm t1-formata-bold
mktextfm t1-formata-medium
mktextfm t1-formata-medium
mktextfm t1-formata-regular
mktextfm t1-formata-italic
mktextfm t1-formata-regular
mktextfm t1-formata-italic
mktextfm t1-formata-italic
mktextfm t1-formata-mediumitalic
mktextfm t1-formata-mediumitalic
mktextfm t1-formata-regsymb
mktextfm t1-giovannistd-bookitalic
