[1] Loading per-sample results
    Loaded 4 configs from ablation_per_sample_latest.jsonl
[2] McNemar test
    cfg3 vs cfg0: p=0.006170  SIGNIFICANT
    cfg1 vs cfg0: p=0.024745  SIGNIFICANT
[3] Error analysis
    Wrong predictions in cfg3: 103
    E1_unit_dimension: 26 (25.2%)
    E2_wrong_formula: 0 (0.0%)
    E3_arithmetic: 1 (1.0%)
    E4_logical_fallacy: 57 (55.3%)
    E5_misinterpretation: 1 (1.0%)
    E0_unclassified: 18 (17.5%)

Saved stats: /content/drive/MyDrive/TRA-SAE/logs/stats_results.json
Saved error analysis: /content/drive/MyDrive/TRA-SAE/logs/error_analysis.json

=== Error Analysis Summary ===
  E1_unit_dimension:  26 (25.2%)  — Unit or dimension error (physics)
  E2_wrong_formula:   0 (0.0%)  — Wrong formula / law selected (physics)
  E3_arithmetic:   1 (1.0%)  — Numerical arithmetic computation error
  E4_logical_fallacy:  57 (55.3%)  — Logical fallacy or quantifier error (logic)
  E5_misinterpretation:   1 (1.0%)  — Question misinterpretation or missing context
  E0_unclassified:  18 (17.5%)  — Could not classify from output alone
