[keepalive] process-aware watchdog on https://alibi-aneurism-dupe.ngrok-free.dev/health (every 20s).
[keepalive] restarts ONLY if uvicorn/ngrok process dies; a busy server is
[keepalive] never killed. Leave this running. Stop with the square button.
[14:52:37] OK   — uvicorn=18863 ngrok=19190 /health ok
[14:53:47] BUSY — uvicorn=18863 ngrok=19190 alive, /health slow (NOT restarting)
[14:54:20] OK   — uvicorn=18863 ngrok=19190 /health ok
[14:55:06] OK   — uvicorn=18863 ngrok=19190 /health ok
[14:55:45] OK   — uvicorn=18863 ngrok=19190 /health ok
[14:56:15] OK   — uvicorn=18863 ngrok=19190 /health ok
[14:56:53] OK   — uvicorn=18863 ngrok=19190 /health ok
[14:57:39] OK   — uvicorn=18863 ngrok=19190 /health ok
[14:58:17] OK   — uvicorn=18863 ngrok=19190 /health ok
[14:58:55] OK   — uvicorn=18863 ngrok=19190 /health ok
[14:59:34] OK   — uvicorn=18863 ngrok=19190 /health ok
[15:00:11] OK   — uvicorn=18863 ngrok=19190 /health ok
[15:00:49] OK   — uvicorn=18863 ngrok=19190 /health ok
[15:01:20] OK   — uvicorn=18863 ngrok=19190 /health ok
[15:02:07] OK   — uvicorn=18863 ngrok=19190 /health ok
[15:02:45] OK   — uvicorn=18863 ngrok=19190 /health ok
[15:03:17] OK   — uvicorn=18863 ngrok=19190 /health ok
[15:03:43] OK   — uvicorn=18863 ngrok=19190 /health ok
[15:04:21] OK   — uvicorn=18863 ngrok=19190 /health ok
[15:05:08] OK   — uvicorn=18863 ngrok=19190 /health ok
[15:05:45] OK   — uvicorn=18863 ngrok=19190 /health ok
[15:06:22] OK   — uvicorn=18863 ngrok=19190 /health ok
[15:07:00] OK   — uvicorn=18863 ngrok=19190 /health ok
[15:07:37] OK   — uvicorn=18863 ngrok=19190 /health ok
[15:08:15] OK   — uvicorn=18863 ngrok=19190 /health ok
[15:08:35] OK   — uvicorn=18863 ngrok=19190 /health ok
[15:09:13] OK   — uvicorn=18863 ngrok=19190 /health ok
[15:10:01] OK   — uvicorn=18863 ngrok=19190 /health ok
[15:10:40] OK   — uvicorn=18863 ngrok=19190 /health ok
[15:11:19] OK   — uvicorn=18863 ngrok=19190 /health ok
[15:11:39] OK   — uvicorn=18863 ngrok=19190 /health ok
[15:11:59] OK   — uvicorn=18863 ngrok=19190 /health ok
[15:12:19] OK   — uvicorn=18863 ngrok=19190 /health ok
[15:12:39] OK   — uvicorn=18863 ngrok=19190 /health ok
[15:12:59] OK   — uvicorn=18863 ngrok=19190 /health ok
[15:13:20] OK   — uvicorn=18863 ngrok=19190 /health ok
[15:13:40] OK   — uvicorn=18863 ngrok=19190 /health ok
[15:14:00] OK   — uvicorn=18863 ngrok=19190 /health ok
[15:14:20] OK   — uvicorn=18863 ngrok=19190 /health ok
[15:14:40] OK   — uvicorn=18863 ngrok=19190 /health ok
[15:15:00] OK   — uvicorn=18863 ngrok=19190 /health ok
[15:15:20] OK   — uvicorn=18863 ngrok=19190 /health ok
[15:15:40] OK   — uvicorn=18863 ngrok=19190 /health ok
[15:16:01] OK   — uvicorn=18863 ngrok=19190 /health ok
[15:16:21] OK   — uvicorn=18863 ngrok=19190 /health ok
[15:16:41] OK   — uvicorn=18863 ngrok=19190 /health ok
[15:17:01] OK   — uvicorn=18863 ngrok=19190 /health ok
[15:17:21] OK   — uvicorn=18863 ngrok=19190 /health ok
[15:17:41] OK   — uvicorn=18863 ngrok=19190 /health ok
[15:18:01] OK   — uvicorn=18863 ngrok=19190 /health ok
[15:18:22] OK   — uvicorn=18863 ngrok=19190 /health ok
[15:18:42] OK   — uvicorn=18863 ngrok=19190 /health ok
[15:19:02] OK   — uvicorn=18863 ngrok=19190 /health ok
[15:19:22] OK   — uvicorn=18863 ngrok=19190 /health ok
[15:19:42] OK   — uvicorn=18863 ngrok=19190 /health ok
[15:20:02] OK   — uvicorn=18863 ngrok=19190 /health ok
[15:20:22] OK   — uvicorn=18863 ngrok=19190 /health ok
[15:20:43] OK   — uvicorn=18863 ngrok=19190 /health ok
[15:21:03] OK   — uvicorn=18863 ngrok=19190 /health ok
[15:21:23] OK   — uvicorn=18863 ngrok=19190 /health ok
[15:21:43] OK   — uvicorn=18863 ngrok=19190 /health ok
[15:22:03] OK   — uvicorn=18863 ngrok=19190 /health ok
[15:22:23] OK   — uvicorn=18863 ngrok=19190 /health ok
[15:22:43] OK   — uvicorn=18863 ngrok=19190 /health ok
[15:23:03] OK   — uvicorn=18863 ngrok=19190 /health ok
[15:23:24] OK   — uvicorn=18863 ngrok=19190 /health ok
[15:23:44] OK   — uvicorn=18863 ngrok=19190 /health ok
[15:24:04] OK   — uvicorn=18863 ngrok=19190 /health ok
[15:24:24] OK   — uvicorn=18863 ngrok=19190 /health ok
[15:24:44] OK   — uvicorn=18863 ngrok=19190 /health ok
[15:25:04] OK   — uvicorn=18863 ngrok=19190 /health ok
[15:25:24] OK   — uvicorn=18863 ngrok=19190 /health ok
[15:25:45] OK   — uvicorn=18863 ngrok=19190 /health ok
[15:26:05] OK   — uvicorn=18863 ngrok=19190 /health ok
[15:26:25] OK   — uvicorn=18863 ngrok=19190 /health ok
[15:26:45] OK   — uvicorn=18863 ngrok=19190 /health ok
[15:27:05] OK   — uvicorn=18863 ngrok=19190 /health ok
[15:27:25] OK   — uvicorn=18863 ngrok=19190 /health ok
[15:27:45] OK   — uvicorn=18863 ngrok=19190 /health ok
[15:28:05] OK   — uvicorn=18863 ngrok=19190 /health ok
[15:28:26] OK   — uvicorn=18863 ngrok=19190 /health ok
[15:28:46] OK   — uvicorn=18863 ngrok=19190 /health ok
[15:29:06] OK   — uvicorn=18863 ngrok=19190 /health ok
[15:29:26] OK   — uvicorn=18863 ngrok=19190 /health ok
[15:29:46] OK   — uvicorn=18863 ngrok=19190 /health ok
[15:30:06] OK   — uvicorn=18863 ngrok=19190 /health ok
[15:30:26] OK   — uvicorn=18863 ngrok=19190 /health ok
[15:30:47] OK   — uvicorn=18863 ngrok=19190 /health ok
[15:31:07] OK   — uvicorn=18863 ngrok=19190 /health ok
[15:31:27] OK   — uvicorn=18863 ngrok=19190 /health ok
[15:31:47] OK   — uvicorn=18863 ngrok=19190 /health ok
[15:32:07] OK   — uvicorn=18863 ngrok=19190 /health ok
[15:32:27] OK   — uvicorn=18863 ngrok=19190 /health ok
[15:32:47] OK   — uvicorn=18863 ngrok=19190 /health ok
[15:33:07] OK   — uvicorn=18863 ngrok=19190 /health ok
[15:33:28] OK   — uvicorn=18863 ngrok=19190 /health ok
[15:33:48] OK   — uvicorn=18863 ngrok=19190 /health ok
[15:34:08] OK   — uvicorn=18863 ngrok=19190 /health ok
[15:34:28] OK   — uvicorn=18863 ngrok=19190 /health ok
[15:34:48] OK   — uvicorn=18863 ngrok=19190 /health ok
[15:35:08] OK   — uvicorn=18863 ngrok=19190 /health ok
[15:35:28] OK   — uvicorn=18863 ngrok=19190 /health ok
[15:35:49] OK   — uvicorn=18863 ngrok=19190 /health ok
[15:36:09] OK   — uvicorn=18863 ngrok=19190 /health ok
[15:36:29] OK   — uvicorn=18863 ngrok=19190 /health ok
[15:36:49] OK   — uvicorn=18863 ngrok=19190 /health ok
[15:37:09] OK   — uvicorn=18863 ngrok=19190 /health ok
[15:37:29] OK   — uvicorn=18863 ngrok=19190 /health ok
[15:37:49] OK   — uvicorn=18863 ngrok=19190 /health ok
[15:38:10] OK   — uvicorn=18863 ngrok=19190 /health ok
[15:38:30] OK   — uvicorn=18863 ngrok=19190 /health ok
[15:38:50] OK   — uvicorn=18863 ngrok=19190 /health ok
[15:39:10] OK   — uvicorn=18863 ngrok=19190 /health ok
[15:39:30] OK   — uvicorn=18863 ngrok=19190 /health ok
[15:39:50] OK   — uvicorn=18863 ngrok=19190 /health ok
[15:40:10] OK   — uvicorn=18863 ngrok=19190 /health ok
[15:40:30] OK   — uvicorn=18863 ngrok=19190 /health ok
[15:40:51] OK   — uvicorn=18863 ngrok=19190 /health ok
[15:41:11] OK   — uvicorn=18863 ngrok=19190 /health ok
[15:41:31] OK   — uvicorn=18863 ngrok=19190 /health ok
[15:41:51] OK   — uvicorn=18863 ngrok=19190 /health ok
[15:42:11] OK   — uvicorn=18863 ngrok=19190 /health ok
[15:42:31] OK   — uvicorn=18863 ngrok=19190 /health ok
[15:42:51] OK   — uvicorn=18863 ngrok=19190 /health ok
[15:43:12] OK   — uvicorn=18863 ngrok=19190 /health ok
[15:43:32] OK   — uvicorn=18863 ngrok=19190 /health ok
[15:43:52] OK   — uvicorn=18863 ngrok=19190 /health ok
[15:44:12] OK   — uvicorn=18863 ngrok=19190 /health ok
[15:44:32] OK   — uvicorn=18863 ngrok=19190 /health ok
[15:44:52] OK   — uvicorn=18863 ngrok=19190 /health ok
[15:45:12] OK   — uvicorn=18863 ngrok=19190 /health ok
[15:45:32] OK   — uvicorn=18863 ngrok=19190 /health ok
[15:45:53] OK   — uvicorn=18863 ngrok=19190 /health ok
[15:46:13] OK   — uvicorn=18863 ngrok=19190 /health ok
[15:46:33] OK   — uvicorn=18863 ngrok=19190 /health ok
[15:46:53] OK   — uvicorn=18863 ngrok=19190 /health ok
[15:47:13] OK   — uvicorn=18863 ngrok=19190 /health ok
[15:47:33] OK   — uvicorn=18863 ngrok=19190 /health ok
[15:47:53] OK   — uvicorn=18863 ngrok=19190 /health ok
[15:48:14] OK   — uvicorn=18863 ngrok=19190 /health ok
[15:48:34] OK   — uvicorn=18863 ngrok=19190 /health ok
[15:48:54] OK   — uvicorn=18863 ngrok=19190 /health ok
[15:49:14] OK   — uvicorn=18863 ngrok=19190 /health ok
[15:49:34] OK   — uvicorn=18863 ngrok=19190 /health ok
[15:49:54] OK   — uvicorn=18863 ngrok=19190 /health ok
[15:50:14] OK   — uvicorn=18863 ngrok=19190 /health ok
[15:50:35] OK   — uvicorn=18863 ngrok=19190 /health ok
[15:50:55] OK   — uvicorn=18863 ngrok=19190 /health ok
[15:51:15] OK   — uvicorn=18863 ngrok=19190 /health ok
[15:51:35] OK   — uvicorn=18863 ngrok=19190 /health ok
[15:51:55] OK   — uvicorn=18863 ngrok=19190 /health ok
[15:52:15] OK   — uvicorn=18863 ngrok=19190 /health ok
[15:52:35] OK   — uvicorn=18863 ngrok=19190 /health ok
[15:52:56] OK   — uvicorn=18863 ngrok=19190 /health ok
[15:53:16] OK   — uvicorn=18863 ngrok=19190 /health ok
[15:53:36] OK   — uvicorn=18863 ngrok=19190 /health ok
[15:53:56] OK   — uvicorn=18863 ngrok=19190 /health ok
[15:54:16] OK   — uvicorn=18863 ngrok=19190 /health ok
[15:54:36] OK   — uvicorn=18863 ngrok=19190 /health ok
[15:54:56] OK   — uvicorn=18863 ngrok=19190 /health ok
[15:55:16] OK   — uvicorn=18863 ngrok=19190 /health ok
[15:55:37] OK   — uvicorn=18863 ngrok=19190 /health ok
[15:55:57] OK   — uvicorn=18863 ngrok=19190 /health ok
[15:56:17] OK   — uvicorn=18863 ngrok=19190 /health ok
[15:56:37] OK   — uvicorn=18863 ngrok=19190 /health ok
[15:56:57] OK   — uvicorn=18863 ngrok=19190 /health ok
[15:57:17] OK   — uvicorn=18863 ngrok=19190 /health ok
[15:57:37] OK   — uvicorn=18863 ngrok=19190 /health ok
