mktextfm t1-formata-regsymb
mktextfm t1-formata-regular
mktextfm t1-formata-bold
mktextfm t1-formata-regular
mktextfm t1-giovannistd-bookitalic
mktextfm t1-formata-condmedium
mktextfm t1-formata-medium
mktextfm t1-formata-medium
mktextfm t1-formata-bold
mktextfm t1-formata-medium
mktextfm t1-formata-regular
mktextfm t1-formata-mediumitalic
mktextfm t1-formata-bold
mktextfm t1-formata-medium
mktextfm t1-formata-medium
mktextfm t1-formata-medium
mktextfm t1-formata-mediumitalic
mktextfm t1-formata-mediumitalic
mktextfm t1-formata-regsymb
mktextfm t1-formata-regular
mktextfm t1-formata-bold
mktextfm t1-formata-regular
mktextfm t1-giovannistd-bookitalic
mktextfm t1-formata-condmedium
mktextfm t1-formata-medium
mktextfm t1-formata-medium
mktextfm t1-formata-bold
mktextfm t1-formata-medium
mktextfm t1-formata-regular
mktextfm t1-formata-mediumitalic
mktextfm t1-formata-bold
mktextfm t1-formata-medium
mktextfm t1-formata-medium
mktextfm t1-formata-medium
mktextfm t1-formata-mediumitalic
mktextfm t1-formata-mediumitalic
mktextfm t1-formata-regsymb
mktextfm t1-formata-regular
mktextfm t1-formata-bold
mktextfm t1-formata-regular
mktextfm t1-giovannistd-bookitalic
mktextfm t1-formata-condmedium
mktextfm t1-formata-medium
mktextfm t1-formata-medium
mktextfm t1-formata-bold
mktextfm t1-formata-medium
mktextfm t1-formata-regular
mktextfm t1-formata-mediumitalic
mktextfm t1-formata-bold
mktextfm t1-formata-medium
mktextfm t1-formata-medium
mktextfm t1-formata-medium
mktextfm t1-formata-mediumitalic
mktextfm t1-formata-mediumitalic
mktextfm t1-formata-regsymb
mktextfm t1-formata-regular
mktextfm t1-formata-bold
mktextfm t1-formata-regular
mktextfm t1-giovannistd-bookitalic
mktextfm t1-formata-condmedium
mktextfm t1-formata-medium
mktextfm t1-formata-medium
mktextfm t1-formata-bold
mktextfm t1-formata-medium
mktextfm t1-formata-regular
mktextfm t1-formata-mediumitalic
mktextfm t1-formata-bold
mktextfm t1-formata-medium
mktextfm t1-formata-medium
mktextfm t1-formata-medium
mktextfm t1-formata-mediumitalic
mktextfm t1-formata-mediumitalic
mktextfm t1-formata-regsymb
mktextfm t1-formata-regular
mktextfm t1-formata-bold
mktextfm t1-formata-regular
mktextfm t1-giovannistd-bookitalic
mktextfm t1-formata-condmedium
mktextfm t1-formata-medium
mktextfm t1-formata-medium
mktextfm t1-formata-bold
mktextfm t1-formata-medium
mktextfm t1-formata-regular
mktextfm t1-formata-mediumitalic
mktextfm t1-formata-bold
mktextfm t1-formata-medium
mktextfm t1-formata-medium
mktextfm t1-formata-medium
mktextfm t1-formata-mediumitalic
mktextfm t1-formata-mediumitalic
